<?xml version="1.0" encoding="UTF-8"?>
<testng-results ignored="0" total="5" passed="5" failed="0" skipped="0">
  <reporter-output>
  </reporter-output>
  <suite started-at="2024-10-28T18:16:17 EET" name="AllTestsSuite" finished-at="2024-10-28T18:16:59 EET" duration-ms="42648">
    <groups>
    </groups>
    <test started-at="2024-10-28T18:16:17 EET" name="HomePageTest" finished-at="2024-10-28T18:16:41 EET" duration-ms="24302">
      <class name="tests.herokuapp.HomeTest">
        <test-method is-config="true" signature="setUpClass()[pri:0, instance:tests.herokuapp.HomeTest@3bd40a57]" started-at="2024-10-28T18:16:17 EET" name="setUpClass" finished-at="2024-10-28T18:16:32 EET" duration-ms="15039" status="PASS">
          <reporter-output>
          </reporter-output>
        </test-method> <!-- setUpClass -->
        <test-method is-config="true" signature="setUp()[pri:0, instance:tests.herokuapp.HomeTest@3bd40a57]" started-at="2024-10-28T18:16:32 EET" name="setUp" finished-at="2024-10-28T18:16:37 EET" duration-ms="5306" status="PASS">
          <reporter-output>
          </reporter-output>
        </test-method> <!-- setUp -->
        <test-method signature="verifyHomePageDisplaysCorrectText()[pri:0, instance:tests.herokuapp.HomeTest@3bd40a57]" started-at="2024-10-28T18:16:37 EET" name="verifyHomePageDisplaysCorrectText" finished-at="2024-10-28T18:16:37 EET" duration-ms="76" status="PASS">
          <reporter-output>
          </reporter-output>
        </test-method> <!-- verifyHomePageDisplaysCorrectText -->
        <test-method is-config="true" signature="tearDown()[pri:0, instance:tests.herokuapp.HomeTest@3bd40a57]" started-at="2024-10-28T18:16:37 EET" name="tearDown" finished-at="2024-10-28T18:16:37 EET" duration-ms="28" status="PASS">
          <reporter-output>
          </reporter-output>
        </test-method> <!-- tearDown -->
        <test-method is-config="true" signature="setUp()[pri:0, instance:tests.herokuapp.HomeTest@3bd40a57]" started-at="2024-10-28T18:16:37 EET" name="setUp" finished-at="2024-10-28T18:16:40 EET" duration-ms="2731" status="PASS">
          <reporter-output>
          </reporter-output>
        </test-method> <!-- setUp -->
        <test-method signature="verifyHomePageTitleIsCorrect()[pri:0, instance:tests.herokuapp.HomeTest@3bd40a57]" started-at="2024-10-28T18:16:40 EET" name="verifyHomePageTitleIsCorrect" finished-at="2024-10-28T18:16:40 EET" duration-ms="7" status="PASS">
          <reporter-output>
          </reporter-output>
        </test-method> <!-- verifyHomePageTitleIsCorrect -->
        <test-method is-config="true" signature="tearDown()[pri:0, instance:tests.herokuapp.HomeTest@3bd40a57]" started-at="2024-10-28T18:16:40 EET" name="tearDown" finished-at="2024-10-28T18:16:40 EET" duration-ms="20" status="PASS">
          <reporter-output>
          </reporter-output>
        </test-method> <!-- tearDown -->
        <test-method is-config="true" signature="tearDownClass()[pri:0, instance:tests.herokuapp.HomeTest@3bd40a57]" started-at="2024-10-28T18:16:40 EET" name="tearDownClass" finished-at="2024-10-28T18:16:41 EET" duration-ms="1061" status="PASS">
          <reporter-output>
          </reporter-output>
        </test-method> <!-- tearDownClass -->
      </class> <!-- tests.herokuapp.HomeTest -->
    </test> <!-- HomePageTest -->
    <test started-at="2024-10-28T18:16:41 EET" name="LoginTest" finished-at="2024-10-28T18:16:52 EET" duration-ms="10760">
      <class name="tests.herokuapp.LoginTest">
        <test-method is-config="true" signature="setUpClass()[pri:0, instance:tests.herokuapp.LoginTest@2fd6b6c7]" started-at="2024-10-28T18:16:41 EET" name="setUpClass" finished-at="2024-10-28T18:16:42 EET" duration-ms="1085" status="PASS">
          <reporter-output>
          </reporter-output>
        </test-method> <!-- setUpClass -->
        <test-method is-config="true" signature="setUp()[pri:0, instance:tests.herokuapp.LoginTest@2fd6b6c7]" started-at="2024-10-28T18:16:42 EET" name="setUp" finished-at="2024-10-28T18:16:46 EET" duration-ms="4287" status="PASS">
          <reporter-output>
          </reporter-output>
        </test-method> <!-- setUp -->
        <test-method signature="verifyLoginAttemptWithInvalidCredentialsDisplaysErrorMessage()[pri:0, instance:tests.herokuapp.LoginTest@2fd6b6c7]" started-at="2024-10-28T18:16:46 EET" name="verifyLoginAttemptWithInvalidCredentialsDisplaysErrorMessage" finished-at="2024-10-28T18:16:47 EET" duration-ms="648" status="PASS">
          <reporter-output>
          </reporter-output>
        </test-method> <!-- verifyLoginAttemptWithInvalidCredentialsDisplaysErrorMessage -->
        <test-method is-config="true" signature="tearDown()[pri:0, instance:tests.herokuapp.LoginTest@2fd6b6c7]" started-at="2024-10-28T18:16:47 EET" name="tearDown" finished-at="2024-10-28T18:16:47 EET" duration-ms="27" status="PASS">
          <reporter-output>
          </reporter-output>
        </test-method> <!-- tearDown -->
        <test-method is-config="true" signature="setUp()[pri:0, instance:tests.herokuapp.LoginTest@2fd6b6c7]" started-at="2024-10-28T18:16:47 EET" name="setUp" finished-at="2024-10-28T18:16:50 EET" duration-ms="2912" status="PASS">
          <reporter-output>
          </reporter-output>
        </test-method> <!-- setUp -->
        <test-method signature="verifyLoginWithValidCredentialsRedirectsToSecureArea()[pri:0, instance:tests.herokuapp.LoginTest@2fd6b6c7]" started-at="2024-10-28T18:16:50 EET" name="verifyLoginWithValidCredentialsRedirectsToSecureArea" finished-at="2024-10-28T18:16:51 EET" duration-ms="658" status="PASS">
          <reporter-output>
          </reporter-output>
        </test-method> <!-- verifyLoginWithValidCredentialsRedirectsToSecureArea -->
        <test-method is-config="true" signature="tearDown()[pri:0, instance:tests.herokuapp.LoginTest@2fd6b6c7]" started-at="2024-10-28T18:16:51 EET" name="tearDown" finished-at="2024-10-28T18:16:51 EET" duration-ms="24" status="PASS">
          <reporter-output>
          </reporter-output>
        </test-method> <!-- tearDown -->
        <test-method is-config="true" signature="tearDownClass()[pri:0, instance:tests.herokuapp.LoginTest@2fd6b6c7]" started-at="2024-10-28T18:16:51 EET" name="tearDownClass" finished-at="2024-10-28T18:16:52 EET" duration-ms="1117" status="PASS">
          <reporter-output>
          </reporter-output>
        </test-method> <!-- tearDownClass -->
      </class> <!-- tests.herokuapp.LoginTest -->
    </test> <!-- LoginTest -->
    <test started-at="2024-10-28T18:16:52 EET" name="AddRemoveElementsTest" finished-at="2024-10-28T18:16:59 EET" duration-ms="7508">
      <class name="tests.herokuapp.AddRemoveElementsTest">
        <test-method is-config="true" signature="setUpClass()[pri:0, instance:tests.herokuapp.AddRemoveElementsTest@78e94dcf]" started-at="2024-10-28T18:16:52 EET" name="setUpClass" finished-at="2024-10-28T18:16:53 EET" duration-ms="995" status="PASS">
          <reporter-output>
          </reporter-output>
        </test-method> <!-- setUpClass -->
        <test-method is-config="true" signature="setUp()[pri:0, instance:tests.herokuapp.AddRemoveElementsTest@78e94dcf]" started-at="2024-10-28T18:16:53 EET" name="setUp" finished-at="2024-10-28T18:16:57 EET" duration-ms="4565" status="PASS">
          <reporter-output>
          </reporter-output>
        </test-method> <!-- setUp -->
        <test-method signature="verifyCorrectNumberToDeleteButtonsAfterAddAndRemove()[pri:0, instance:tests.herokuapp.AddRemoveElementsTest@78e94dcf]" started-at="2024-10-28T18:16:57 EET" name="verifyCorrectNumberToDeleteButtonsAfterAddAndRemove" finished-at="2024-10-28T18:16:58 EET" duration-ms="1022" status="PASS">
          <reporter-output>
          </reporter-output>
        </test-method> <!-- verifyCorrectNumberToDeleteButtonsAfterAddAndRemove -->
        <test-method is-config="true" signature="tearDown()[pri:0, instance:tests.herokuapp.AddRemoveElementsTest@78e94dcf]" started-at="2024-10-28T18:16:58 EET" name="tearDown" finished-at="2024-10-28T18:16:58 EET" duration-ms="26" status="PASS">
          <reporter-output>
          </reporter-output>
        </test-method> <!-- tearDown -->
        <test-method is-config="true" signature="tearDownClass()[pri:0, instance:tests.herokuapp.AddRemoveElementsTest@78e94dcf]" started-at="2024-10-28T18:16:58 EET" name="tearDownClass" finished-at="2024-10-28T18:16:59 EET" duration-ms="898" status="PASS">
          <reporter-output>
          </reporter-output>
        </test-method> <!-- tearDownClass -->
      </class> <!-- tests.herokuapp.AddRemoveElementsTest -->
    </test> <!-- AddRemoveElementsTest -->
  </suite> <!-- AllTestsSuite -->
</testng-results>
