<?xml version="1.0" encoding="UTF-8"?>
<testng-results ignored="0" total="4" passed="4" failed="0" skipped="0">
  <reporter-output>
  </reporter-output>
  <suite started-at="2024-10-23T11:28:53 EEST" name="AllTestsSuite" finished-at="2024-10-23T11:29:27 EEST" duration-ms="33882">
    <groups>
    </groups>
    <test started-at="2024-10-23T11:28:53 EEST" name="HomePageTest" finished-at="2024-10-23T11:29:15 EEST" duration-ms="21387">
      <class name="tests.herokuapp.HomePageTest">
        <test-method is-config="true" signature="setUpClass()[pri:0, instance:tests.herokuapp.HomePageTest@3bd40a57]" started-at="2024-10-23T11:28:53 EEST" name="setUpClass" finished-at="2024-10-23T11:29:08 EEST" duration-ms="14799" status="PASS">
          <reporter-output>
          </reporter-output>
        </test-method> <!-- setUpClass -->
        <test-method is-config="true" signature="setUp()[pri:0, instance:tests.herokuapp.HomePageTest@3bd40a57]" started-at="2024-10-23T11:29:08 EEST" name="setUp" finished-at="2024-10-23T11:29:10 EEST" duration-ms="1759" status="PASS">
          <reporter-output>
          </reporter-output>
        </test-method> <!-- setUp -->
        <test-method signature="testHomePageTexts()[pri:0, instance:tests.herokuapp.HomePageTest@3bd40a57]" started-at="2024-10-23T11:29:10 EEST" name="testHomePageTexts" finished-at="2024-10-23T11:29:12 EEST" duration-ms="1933" status="PASS">
          <reporter-output>
          </reporter-output>
        </test-method> <!-- testHomePageTexts -->
        <test-method is-config="true" signature="tearDown()[pri:0, instance:tests.herokuapp.HomePageTest@3bd40a57]" started-at="2024-10-23T11:29:12 EEST" name="tearDown" finished-at="2024-10-23T11:29:12 EEST" duration-ms="25" status="PASS">
          <reporter-output>
          </reporter-output>
        </test-method> <!-- tearDown -->
        <test-method is-config="true" signature="setUp()[pri:0, instance:tests.herokuapp.HomePageTest@3bd40a57]" started-at="2024-10-23T11:29:12 EEST" name="setUp" finished-at="2024-10-23T11:29:12 EEST" duration-ms="248" status="PASS">
          <reporter-output>
          </reporter-output>
        </test-method> <!-- setUp -->
        <test-method signature="testHomePageTitle()[pri:0, instance:tests.herokuapp.HomePageTest@3bd40a57]" started-at="2024-10-23T11:29:12 EEST" name="testHomePageTitle" finished-at="2024-10-23T11:29:14 EEST" duration-ms="1648" status="PASS">
          <reporter-output>
          </reporter-output>
        </test-method> <!-- testHomePageTitle -->
        <test-method is-config="true" signature="tearDown()[pri:0, instance:tests.herokuapp.HomePageTest@3bd40a57]" started-at="2024-10-23T11:29:14 EEST" name="tearDown" finished-at="2024-10-23T11:29:14 EEST" duration-ms="17" status="PASS">
          <reporter-output>
          </reporter-output>
        </test-method> <!-- tearDown -->
        <test-method is-config="true" signature="tearDownClass()[pri:0, instance:tests.herokuapp.HomePageTest@3bd40a57]" started-at="2024-10-23T11:29:14 EEST" name="tearDownClass" finished-at="2024-10-23T11:29:15 EEST" duration-ms="931" status="PASS">
          <reporter-output>
          </reporter-output>
        </test-method> <!-- tearDownClass -->
      </class> <!-- tests.herokuapp.HomePageTest -->
    </test> <!-- HomePageTest -->
    <test started-at="2024-10-23T11:29:15 EEST" name="LoginTest" finished-at="2024-10-23T11:29:21 EEST" duration-ms="6010">
      <class name="tests.herokuapp.LoginTest">
        <test-method is-config="true" signature="setUpClass()[pri:0, instance:tests.herokuapp.LoginTest@184cf7cf]" started-at="2024-10-23T11:29:15 EEST" name="setUpClass" finished-at="2024-10-23T11:29:16 EEST" duration-ms="1030" status="PASS">
          <reporter-output>
          </reporter-output>
        </test-method> <!-- setUpClass -->
        <test-method is-config="true" signature="setUp()[pri:0, instance:tests.herokuapp.LoginTest@184cf7cf]" started-at="2024-10-23T11:29:16 EEST" name="setUp" finished-at="2024-10-23T11:29:17 EEST" duration-ms="1555" status="PASS">
          <reporter-output>
          </reporter-output>
        </test-method> <!-- setUp -->
        <test-method signature="testSuccessfulLogin()[pri:0, instance:tests.herokuapp.LoginTest@184cf7cf]" started-at="2024-10-23T11:29:17 EEST" name="testSuccessfulLogin" finished-at="2024-10-23T11:29:20 EEST" duration-ms="2483" status="PASS">
          <reporter-output>
          </reporter-output>
        </test-method> <!-- testSuccessfulLogin -->
        <test-method is-config="true" signature="tearDown()[pri:0, instance:tests.herokuapp.LoginTest@184cf7cf]" started-at="2024-10-23T11:29:20 EEST" name="tearDown" finished-at="2024-10-23T11:29:20 EEST" duration-ms="35" status="PASS">
          <reporter-output>
          </reporter-output>
        </test-method> <!-- tearDown -->
        <test-method is-config="true" signature="tearDownClass()[pri:0, instance:tests.herokuapp.LoginTest@184cf7cf]" started-at="2024-10-23T11:29:20 EEST" name="tearDownClass" finished-at="2024-10-23T11:29:21 EEST" duration-ms="904" status="PASS">
          <reporter-output>
          </reporter-output>
        </test-method> <!-- tearDownClass -->
      </class> <!-- tests.herokuapp.LoginTest -->
    </test> <!-- LoginTest -->
    <test started-at="2024-10-23T11:29:21 EEST" name="AddRemoveElementsTest" finished-at="2024-10-23T11:29:27 EEST" duration-ms="6434">
      <class name="tests.herokuapp.AddRemoveElementsTest">
        <test-method is-config="true" signature="setUpClass()[pri:0, instance:tests.herokuapp.AddRemoveElementsTest@37918c79]" started-at="2024-10-23T11:29:21 EEST" name="setUpClass" finished-at="2024-10-23T11:29:22 EEST" duration-ms="957" status="PASS">
          <reporter-output>
          </reporter-output>
        </test-method> <!-- setUpClass -->
        <test-method is-config="true" signature="setUp()[pri:0, instance:tests.herokuapp.AddRemoveElementsTest@37918c79]" started-at="2024-10-23T11:29:22 EEST" name="setUp" finished-at="2024-10-23T11:29:23 EEST" duration-ms="1637" status="PASS">
          <reporter-output>
          </reporter-output>
        </test-method> <!-- setUp -->
        <test-method signature="testAddRemoveElements()[pri:0, instance:tests.herokuapp.AddRemoveElementsTest@37918c79]" started-at="2024-10-23T11:29:23 EEST" name="testAddRemoveElements" finished-at="2024-10-23T11:29:26 EEST" duration-ms="2956" status="PASS">
          <reporter-output>
          </reporter-output>
        </test-method> <!-- testAddRemoveElements -->
        <test-method is-config="true" signature="tearDown()[pri:0, instance:tests.herokuapp.AddRemoveElementsTest@37918c79]" started-at="2024-10-23T11:29:26 EEST" name="tearDown" finished-at="2024-10-23T11:29:26 EEST" duration-ms="24" status="PASS">
          <reporter-output>
          </reporter-output>
        </test-method> <!-- tearDown -->
        <test-method is-config="true" signature="tearDownClass()[pri:0, instance:tests.herokuapp.AddRemoveElementsTest@37918c79]" started-at="2024-10-23T11:29:26 EEST" name="tearDownClass" finished-at="2024-10-23T11:29:27 EEST" duration-ms="858" status="PASS">
          <reporter-output>
          </reporter-output>
        </test-method> <!-- tearDownClass -->
      </class> <!-- tests.herokuapp.AddRemoveElementsTest -->
    </test> <!-- AddRemoveElementsTest -->
  </suite> <!-- AllTestsSuite -->
</testng-results>
