<?xml version="1.0" encoding="UTF-8"?>
<testsuite xmlns:xsi="http://www.w3.org/2001/XMLSchema-instance" xsi:noNamespaceSchemaLocation="https://maven.apache.org/surefire/maven-surefire-plugin/xsd/surefire-test-report.xsd" name="TestSuite" time="34.881" tests="4" errors="0" skipped="0" failures="0">
  <properties>
[...]
</properties>
  <testcase name="testHomePageTexts" classname="tests.herokuapp.HomePageTest" time="2.362"/>
  <testcase name="testHomePageTitle" classname="tests.herokuapp.HomePageTest" time="1.97"/>
  <testcase name="testSuccessfulLogin" classname="tests.herokuapp.LoginTest" time="2.969"/>
  <testcase name="testAddRemoveElements" classname="tests.herokuapp.AddRemoveElementsTest" time="2.84"/>
</testsuite>