<?xml version="1.0" encoding="UTF-8"?>
<testsuite xmlns:xsi="http://www.w3.org/2001/XMLSchema-instance" xsi:noNamespaceSchemaLocation="https://maven.apache.org/surefire/maven-surefire-plugin/xsd/surefire-test-report.xsd" name="TestSuite" time="58.754" tests="11" errors="0" skipped="0" failures="0">
  <properties>
[...]
</properties>
  <testcase name="verifyHomePageDisplaysCorrectText" classname="tests.herokuapp.HomeTest" time="0.085"/>
  <testcase name="verifyHomePageTitleIsCorrect" classname="tests.herokuapp.HomeTest" time="0.008"/>
  <testcase name="verifyLoginAttemptWithInvalidCredentialsDisplaysErrorMessage" classname="tests.herokuapp.LoginTest" time="0.58"/>
  <testcase name="verifyLoginWithValidCredentialsRedirectsToSecureArea" classname="tests.herokuapp.LoginTest" time="0.606"/>
  <testcase name="verifyAddRemoveElementsPageTitleIsCorrect" classname="tests.herokuapp.AddRemoveElementsTest" time="0.043"/>
  <testcase name="verifyCorrectNumberToDeleteButtonsAfterAddAndRemoveElements" classname="tests.herokuapp.AddRemoveElementsTest" time="1.161"/>
  <testcase name="verifyCheckboxIsCheckedAndUnchecked" classname="tests.herokuapp.CheckboxTest" time="0.419"/>
  <testcase name="verifyCheckboxTitlePageIsCorrect" classname="tests.herokuapp.CheckboxTest" time="0.029"/>
  <testcase name="verifyDefaultOptionOfTheDropdownIsSelected" classname="tests.herokuapp.DropdownTest" time="0.161"/>
  <testcase name="verifyDropdownPageTitleIsCorrect" classname="tests.herokuapp.DropdownTest" time="0.071"/>
  <testcase name="verifySelectedOptionInTheDropdown" classname="tests.herokuapp.DropdownTest" time="0.101"/>
</testsuite>