<?xml version="1.0" encoding="UTF-8"?>
<!-- Generated by org.testng.reporters.JUnitXMLReporter -->
<testsuite ignored="0" hostname="DESKTOP-2DV7JDR" failures="0" tests="2" name="AddRemoveElementsTest" time="8.643" errors="0" timestamp="2024-11-06T13:36:32 EET">
  <testcase classname="tests.herokuapp.AddRemoveElementsTest" name="verifyAddRemoveElementsPageTitleIsCorrect" time="0.044"/>
  <testcase classname="tests.herokuapp.AddRemoveElementsTest" name="verifyCorrectNumberToDeleteButtonsAfterAddAndRemoveElements" time="1.161"/>
</testsuite> <!-- AddRemoveElementsTest -->
