<?xml version="1.0" encoding="UTF-8"?>
<!-- Generated by org.testng.reporters.JUnitXMLReporter -->
<testsuite ignored="0" hostname="DESKTOP-2DV7JDR" failures="0" tests="2" name="CheckBoxTest" time="7.424" errors="0" timestamp="2024-11-06T13:36:39 EET">
  <testcase classname="tests.herokuapp.CheckboxTest" name="verifyCheckboxIsCheckedAndUnchecked" time="0.419"/>
  <testcase classname="tests.herokuapp.CheckboxTest" name="verifyCheckboxTitlePageIsCorrect" time="0.029"/>
</testsuite> <!-- CheckBoxTest -->
