<?xml version="1.0" encoding="UTF-8"?>
<!-- Generated by org.testng.reporters.JUnitXMLReporter -->
<testsuite ignored="0" hostname="DESKTOP-2DV7JDR" failures="0" tests="3" name="DropdownTest" time="10.532" errors="0" timestamp="2024-11-06T13:36:50 EET">
  <testcase classname="tests.herokuapp.DropdownTest" name="verifyDefaultOptionOfTheDropdownIsSelected" time="0.16"/>
  <testcase classname="tests.herokuapp.DropdownTest" name="verifyDropdownPageTitleIsCorrect" time="0.071"/>
  <testcase classname="tests.herokuapp.DropdownTest" name="verifySelectedOptionInTheDropdown" time="0.101"/>
</testsuite> <!-- DropdownTest -->
