<?xml version="1.0" encoding="UTF-8"?>
<!-- Generated by org.testng.reporters.JUnitXMLReporter -->
<testsuite ignored="0" hostname="DESKTOP-2DV7JDR" failures="0" tests="2" name="LoginTest" time="10.76" errors="0" timestamp="2024-10-28T18:16:52 EET">
  <testcase classname="tests.herokuapp.LoginTest" name="verifyLoginAttemptWithInvalidCredentialsDisplaysErrorMessage" time="0.648"/>
  <testcase classname="tests.herokuapp.LoginTest" name="verifyLoginWithValidCredentialsRedirectsToSecureArea" time="0.658"/>
</testsuite> <!-- LoginTest -->
