<?xml version="1.0" encoding="UTF-8"?>
<!-- Generated by org.testng.reporters.JUnitXMLReporter -->
<testsuite ignored="0" hostname="DESKTOP-2DV7JDR" failures="0" tests="2" name="LoginTest" time="11.559" errors="0" timestamp="2024-11-05T17:19:51 EET">
  <testcase classname="tests.herokuapp.LoginTest" name="verifyLoginAttemptWithInvalidCredentialsDisplaysErrorMessage" time="0.836"/>
  <testcase classname="tests.herokuapp.LoginTest" name="verifyLoginWithValidCredentialsRedirectsToSecureArea" time="0.558"/>
</testsuite> <!-- LoginTest -->
